
Evaluating: DISTILBERT on ANLI with ablation 'neutral'...
Loading model and tokenizer: 'typeform/distilbert-base-uncased-mnli'...
Loading weights:   0%|          | 0/104 [00:00<?, ?it/s]Loading weights: 100%|██████████| 104/104 [00:00<00:00, 22355.86it/s]
'[Errno 8] nodename nor servname provided, or not known' thrown while requesting HEAD https://huggingface.co/datasets/anli/resolve/8e4813d81f46d313dac7892e1c28076917cfcdf9/anli.py
Retrying in 1s [Retry 1/5].
Using the latest cached version of the dataset since anli couldn't be found on the Hugging Face Hub
Found the latest cached dataset configuration 'plain_text' at /Users/uddhavkhetan/.cache/huggingface/datasets/anli/plain_text/0.0.0/8e4813d81f46d313dac7892e1c28076917cfcdf9 (last modified on Fri Apr 10 15:36:28 2026).
'[Errno 8] nodename nor servname provided, or not known' thrown while requesting HEAD https://huggingface.co/datasets/anli/resolve/8e4813d81f46d313dac7892e1c28076917cfcdf9/anli.py
Retrying in 1s [Retry 1/5].
Using the latest cached version of the dataset since anli couldn't be found on the Hugging Face Hub
Found the latest cached dataset configuration 'plain_text' at /Users/uddhavkhetan/.cache/huggingface/datasets/anli/plain_text/0.0.0/8e4813d81f46d313dac7892e1c28076917cfcdf9 (last modified on Fri Apr 10 15:36:28 2026).
'[Errno 8] nodename nor servname provided, or not known' thrown while requesting HEAD https://huggingface.co/datasets/anli/resolve/8e4813d81f46d313dac7892e1c28076917cfcdf9/anli.py
Retrying in 1s [Retry 1/5].
Using the latest cached version of the dataset since anli couldn't be found on the Hugging Face Hub
Found the latest cached dataset configuration 'plain_text' at /Users/uddhavkhetan/.cache/huggingface/datasets/anli/plain_text/0.0.0/8e4813d81f46d313dac7892e1c28076917cfcdf9 (last modified on Fri Apr 10 15:36:28 2026).
  Running seed 42...
Loading ANLI Round 3 dev split (sample size: 500)...
  Running seed 43...
Loading ANLI Round 3 dev split (sample size: 500)...
  Running seed 44...
Loading ANLI Round 3 dev split (sample size: 500)...
Saved multi-seed logs to: results/anli_distilbert_neutral_results.csv

Generating system summary -> results/summary.csv

Diagnostics complete!
