
Evaluating: ROBERTA on MNLI with ablation 'mask'...
Loading model and tokenizer: 'cross-encoder/nli-roberta-base'...
Loading weights:   0%|          | 0/201 [00:00<?, ?it/s]Loading weights: 100%|██████████| 201/201 [00:00<00:00, 20781.28it/s]
[1mRobertaForSequenceClassification LOAD REPORT[0m from: cross-encoder/nli-roberta-base
Key                             | Status     |  | 
--------------------------------+------------+--+-
roberta.embeddings.position_ids | UNEXPECTED |  | 

Notes:
- UNEXPECTED:	can be ignored when loading from different task/architecture; not ok if you expect identical arch.
'[Errno 8] nodename nor servname provided, or not known' thrown while requesting HEAD https://huggingface.co/datasets/glue/resolve/bcdcba79d07bc864c1c254ccfcedcce55bcc9a8c/glue.py
Retrying in 1s [Retry 1/5].
Using the latest cached version of the dataset since glue couldn't be found on the Hugging Face Hub
Found the latest cached dataset configuration 'mnli' at /Users/uddhavkhetan/.cache/huggingface/datasets/glue/mnli/0.0.0/bcdcba79d07bc864c1c254ccfcedcce55bcc9a8c (last modified on Fri Apr 10 00:29:56 2026).
'[Errno 8] nodename nor servname provided, or not known' thrown while requesting HEAD https://huggingface.co/datasets/glue/resolve/bcdcba79d07bc864c1c254ccfcedcce55bcc9a8c/glue.py
Retrying in 1s [Retry 1/5].
Using the latest cached version of the dataset since glue couldn't be found on the Hugging Face Hub
Found the latest cached dataset configuration 'mnli' at /Users/uddhavkhetan/.cache/huggingface/datasets/glue/mnli/0.0.0/bcdcba79d07bc864c1c254ccfcedcce55bcc9a8c (last modified on Fri Apr 10 00:29:56 2026).
'[Errno 8] nodename nor servname provided, or not known' thrown while requesting HEAD https://huggingface.co/datasets/glue/resolve/bcdcba79d07bc864c1c254ccfcedcce55bcc9a8c/glue.py
Retrying in 1s [Retry 1/5].
Using the latest cached version of the dataset since glue couldn't be found on the Hugging Face Hub
Found the latest cached dataset configuration 'mnli' at /Users/uddhavkhetan/.cache/huggingface/datasets/glue/mnli/0.0.0/bcdcba79d07bc864c1c254ccfcedcce55bcc9a8c (last modified on Fri Apr 10 00:29:56 2026).
  Running seed 42...
Loading MNLI validation_matched split (sample size: 500)...
  Running seed 43...
Loading MNLI validation_matched split (sample size: 500)...
  Running seed 44...
Loading MNLI validation_matched split (sample size: 500)...
Saved multi-seed logs to: results/mnli_roberta_mask_results.csv

Generating system summary -> results/summary.csv

Diagnostics complete!
