Cancellation requested; stopping current tasks.

Evaluating: BART on SNLI with ablation 'empty'...
Loading model and tokenizer: 'facebook/bart-large-mnli'...
Traceback (most recent call last):
  File "/Users/uddhavkhetan/Documents/Research Papers/Partial Input Dependence in NLI/nli_capstone/nli_env/lib/python3.14/site-packages/huggingface_hub/file_download.py", line 558, in xet_get
    download_files(
    ~~~~~~~~~~~~~~^
        xet_download_info,
        ^^^^^^^^^^^^^^^^^^
    ...<4 lines>...
        request_headers=xet_headers,
        ^^^^^^^^^^^^^^^^^^^^^^^^^^^^
    )
    ^
KeyboardInterrupt

During handling of the above exception, another exception occurred:

Traceback (most recent call last):
  File "/Users/uddhavkhetan/Documents/Research Papers/Partial Input Dependence in NLI/nli_capstone/run_diagnostics.py", line 105, in <module>
    evaluate_combination(
    ~~~~~~~~~~~~~~~~~~~~^
        model_key=m,
        ^^^^^^^^^^^^
    ...<3 lines>...
        ablation_strategy=args.ablation_strategy
        ^^^^^^^^^^^^^^^^^^^^^^^^^^^^^^^^^^^^^^^^
    )
    ^
  File "/Users/uddhavkhetan/Documents/Research Papers/Partial Input Dependence in NLI/nli_capstone/run_diagnostics.py", line 25, in evaluate_combination
    model = get_model(model_key)
  File "/Users/uddhavkhetan/Documents/Research Papers/Partial Input Dependence in NLI/nli_capstone/models.py", line 111, in get_model
    model = NLIModel(model_name)
  File "/Users/uddhavkhetan/Documents/Research Papers/Partial Input Dependence in NLI/nli_capstone/models.py", line 13, in __init__
    self.model = AutoModelForSequenceClassification.from_pretrained(model_name).to(self.device)
                 ~~~~~~~~~~~~~~~~~~~~~~~~~~~~~~~~~~~~~~~~~~~~~~~~~~^^^^^^^^^^^^
  File "/Users/uddhavkhetan/Documents/Research Papers/Partial Input Dependence in NLI/nli_capstone/nli_env/lib/python3.14/site-packages/transformers/models/auto/auto_factory.py", line 387, in from_pretrained
    return model_class.from_pretrained(
           ~~~~~~~~~~~~~~~~~~~~~~~~~~~^
        pretrained_model_name_or_path, *model_args, config=config, **hub_kwargs, **kwargs
        ^^^^^^^^^^^^^^^^^^^^^^^^^^^^^^^^^^^^^^^^^^^^^^^^^^^^^^^^^^^^^^^^^^^^^^^^^^^^^^^^^
    )
    ^
  File "/Users/uddhavkhetan/Documents/Research Papers/Partial Input Dependence in NLI/nli_capstone/nli_env/lib/python3.14/site-packages/transformers/modeling_utils.py", line 4057, in from_pretrained
    checkpoint_files, sharded_metadata = _get_resolved_checkpoint_files(
                                         ~~~~~~~~~~~~~~~~~~~~~~~~~~~~~~^
        pretrained_model_name_or_path=pretrained_model_name_or_path,
        ^^^^^^^^^^^^^^^^^^^^^^^^^^^^^^^^^^^^^^^^^^^^^^^^^^^^^^^^^^^^
    ...<7 lines>...
        tqdm_class=tqdm_class,
        ^^^^^^^^^^^^^^^^^^^^^^
    )
    ^
  File "/Users/uddhavkhetan/Documents/Research Papers/Partial Input Dependence in NLI/nli_capstone/nli_env/lib/python3.14/site-packages/transformers/modeling_utils.py", line 618, in _get_resolved_checkpoint_files
    resolved_archive_file = cached_file(pretrained_model_name_or_path, filename, **cached_file_kwargs)
  File "/Users/uddhavkhetan/Documents/Research Papers/Partial Input Dependence in NLI/nli_capstone/nli_env/lib/python3.14/site-packages/transformers/utils/hub.py", line 278, in cached_file
    file = cached_files(path_or_repo_id=path_or_repo_id, filenames=[filename], **kwargs)
  File "/Users/uddhavkhetan/Documents/Research Papers/Partial Input Dependence in NLI/nli_capstone/nli_env/lib/python3.14/site-packages/transformers/utils/hub.py", line 422, in cached_files
    hf_hub_download(
    ~~~~~~~~~~~~~~~^
        path_or_repo_id,
        ^^^^^^^^^^^^^^^^
    ...<10 lines>...
        tqdm_class=tqdm_class,
        ^^^^^^^^^^^^^^^^^^^^^^
    )
    ^
  File "/Users/uddhavkhetan/Documents/Research Papers/Partial Input Dependence in NLI/nli_capstone/nli_env/lib/python3.14/site-packages/huggingface_hub/utils/_validators.py", line 88, in _inner_fn
    return fn(*args, **kwargs)
  File "/Users/uddhavkhetan/Documents/Research Papers/Partial Input Dependence in NLI/nli_capstone/nli_env/lib/python3.14/site-packages/huggingface_hub/file_download.py", line 997, in hf_hub_download
    return _hf_hub_download_to_cache_dir(
        # Destination
    ...<15 lines>...
        dry_run=dry_run,
    )
  File "/Users/uddhavkhetan/Documents/Research Papers/Partial Input Dependence in NLI/nli_capstone/nli_env/lib/python3.14/site-packages/huggingface_hub/file_download.py", line 1216, in _hf_hub_download_to_cache_dir
    _download_to_tmp_and_move(
    ~~~~~~~~~~~~~~~~~~~~~~~~~^
        incomplete_path=Path(blob_path + ".incomplete"),
        ^^^^^^^^^^^^^^^^^^^^^^^^^^^^^^^^^^^^^^^^^^^^^^^^
    ...<8 lines>...
        tqdm_class=tqdm_class,
        ^^^^^^^^^^^^^^^^^^^^^^
    )
    ^
  File "/Users/uddhavkhetan/Documents/Research Papers/Partial Input Dependence in NLI/nli_capstone/nli_env/lib/python3.14/site-packages/huggingface_hub/file_download.py", line 1842, in _download_to_tmp_and_move
    xet_get(
    ~~~~~~~^
        incomplete_path=incomplete_path,
        ^^^^^^^^^^^^^^^^^^^^^^^^^^^^^^^^
    ...<4 lines>...
        tqdm_class=tqdm_class,
        ^^^^^^^^^^^^^^^^^^^^^^
    )
    ^
  File "/Users/uddhavkhetan/Documents/Research Papers/Partial Input Dependence in NLI/nli_capstone/nli_env/lib/python3.14/site-packages/huggingface_hub/file_download.py", line 553, in xet_get
    with progress_cm as progress:
         ^^^^^^^^^^^
  File "/Users/uddhavkhetan/Documents/Research Papers/Partial Input Dependence in NLI/nli_capstone/nli_env/lib/python3.14/site-packages/tqdm/std.py", line 1138, in __exit__
    def __exit__(self, exc_type, exc_value, traceback):
    
KeyboardInterrupt
